

Started GET "/" for ::1 at 2017-02-26 21:13:47 +0200
  [1m[36mActiveRecord::SchemaMigration Load (0.1ms)[0m  [1mSELECT "schema_migrations".* FROM "schema_migrations"[0m
Processing by BreweriesController#index as HTML
  [1m[35m (0.2ms)[0m  SELECT COUNT(*) FROM "breweries" WHERE "breweries"."active" = ?  [["active", "t"]]
  [1m[36mBrewery Load (0.2ms)[0m  [1mSELECT "breweries".* FROM "breweries" WHERE "breweries"."active" = ?[0m  [["active", "t"]]
  Rendered breweries/_list.html.erb (5.4ms)
  [1m[35m (0.2ms)[0m  SELECT COUNT(*) FROM "breweries" WHERE ("breweries"."active" = 'f' OR "breweries"."active" IS NULL)
  [1m[36mBrewery Load (0.1ms)[0m  [1mSELECT "breweries".* FROM "breweries" WHERE ("breweries"."active" = 'f' OR "breweries"."active" IS NULL)[0m
  Rendered breweries/_list.html.erb (0.5ms)
  Rendered breweries/index.html.erb within layouts/application (15.7ms)
  Rendered layouts/_navigation_links.html.erb (1.1ms)
  Rendered layouts/_navigation.html.erb (2.8ms)
  Rendered layouts/_messages.html.erb (0.5ms)
Completed 200 OK in 4093ms (Views: 4072.0ms | ActiveRecord: 1.1ms)


Started GET "/assets/1st_load_framework.self-082bdb53dbf3156ea81f85c85341675e8fe8f0dcc1dec8194c6a2434b008aae6.css?body=1" for ::1 at 2017-02-26 21:13:51 +0200


Started GET "/assets/beer_clubs.self-e3b0c44298fc1c149afbf4c8996fb92427ae41e4649b934ca495991b7852b855.css?body=1" for ::1 at 2017-02-26 21:13:51 +0200


Started GET "/assets/breweries.self-e3b0c44298fc1c149afbf4c8996fb92427ae41e4649b934ca495991b7852b855.css?body=1" for ::1 at 2017-02-26 21:13:51 +0200


Started GET "/assets/scaffolds.self-719a2a43e51f9345818cd21e20e5fac5076fa1278a27f636cb60a6a1acfefd57.css?body=1" for ::1 at 2017-02-26 21:13:51 +0200


Started GET "/assets/beers.self-e3b0c44298fc1c149afbf4c8996fb92427ae41e4649b934ca495991b7852b855.css?body=1" for ::1 at 2017-02-26 21:13:51 +0200


Started GET "/assets/styles.self-e3b0c44298fc1c149afbf4c8996fb92427ae41e4649b934ca495991b7852b855.css?body=1" for ::1 at 2017-02-26 21:13:51 +0200


Started GET "/assets/users.self-e3b0c44298fc1c149afbf4c8996fb92427ae41e4649b934ca495991b7852b855.css?body=1" for ::1 at 2017-02-26 21:13:51 +0200


Started GET "/assets/application.self-27a424817124a538a1bd8a9038aea5396ae2ca72ec5dbb40fa23fc96e0859767.css?body=1" for ::1 at 2017-02-26 21:13:51 +0200


Started GET "/assets/jquery.self-bd7ddd393353a8d2480a622e80342adf488fb6006d667e8b42e4c0073393abee.js?body=1" for ::1 at 2017-02-26 21:13:51 +0200


Started GET "/assets/jquery_ujs.self-784a997f6726036b1993eb2217c9cb558e1cbb801c6da88105588c56f13b466a.js?body=1" for ::1 at 2017-02-26 21:13:51 +0200


Started GET "/assets/turbolinks.self-c5acd7a204f5f25ce7a1d8a0e4d92e28d34c9e2df2c7371cd7af88e147e4ad82.js?body=1" for ::1 at 2017-02-26 21:13:51 +0200


Started GET "/assets/bootstrap/transition.self-6ad2488465135ab731a045a8ebbe3ea2fc501aed286042496eda1664fdd07ba9.js?body=1" for ::1 at 2017-02-26 21:13:51 +0200


Started GET "/assets/bootstrap/alert.self-742145c5bb847aafdadc6e339be795628f8bc25f177e851f03a8c42278eb0312.js?body=1" for ::1 at 2017-02-26 21:13:51 +0200


Started GET "/assets/bootstrap/button.self-126ac9bf0e7f2d8568f8da3a00fd5f0fac6eae0946331003370161fbf8d7975e.js?body=1" for ::1 at 2017-02-26 21:13:51 +0200


Started GET "/assets/bootstrap/carousel.self-e47323f363ceb3dc0bdbce05e36e709ed428e339833a41140a85cb0af24b8127.js?body=1" for ::1 at 2017-02-26 21:13:51 +0200


Started GET "/assets/bootstrap/collapse.self-2eb697f62b587bb786ff940d82dd4be88cdeeaf13ca128e3da3850c5fcaec301.js?body=1" for ::1 at 2017-02-26 21:13:51 +0200


Started GET "/assets/bootstrap/dropdown.self-561cca1cbaf67474e01e9536f106bad541594860a6df997004591c1c1957a147.js?body=1" for ::1 at 2017-02-26 21:13:51 +0200


Started GET "/assets/bootstrap/modal.self-3e78617ade5663314b7ee0ea10375a5b34d59ffbade44939e3f2a4e4ef2019b3.js?body=1" for ::1 at 2017-02-26 21:13:51 +0200


Started GET "/assets/bootstrap/tab.self-5bf7078b682f8b131332eefa46b45fa5eff2eca745fc0d03e2991450888f7c28.js?body=1" for ::1 at 2017-02-26 21:13:51 +0200


Started GET "/assets/bootstrap/affix.self-6d6f1a7fc5c8aabf3547fa1b794fab6268f54bc55ad815e55873c71f52513517.js?body=1" for ::1 at 2017-02-26 21:13:51 +0200


Started GET "/assets/bootstrap/scrollspy.self-969f3c5f48cdf1e439c7fa1154c13b948715f5c689f87837c0b64521d3b46ef6.js?body=1" for ::1 at 2017-02-26 21:13:51 +0200


Started GET "/assets/bootstrap/tooltip.self-05afb177e08f98997ccfc84fa08a215e4b27d48d5fe4d049080675e9dffd8199.js?body=1" for ::1 at 2017-02-26 21:13:51 +0200


Started GET "/assets/bootstrap/popover.self-0aa93860b59fe7393f1dd490f54b3cb994f9d6155adffce034d4e14ae361b041.js?body=1" for ::1 at 2017-02-26 21:13:51 +0200


Started GET "/assets/bootstrap-sprockets.self-fbfa5ad7d9aa0afe439ec4ff3883acc4cb92b62cb67c40d674320c9aa1d4642d.js?body=1" for ::1 at 2017-02-26 21:13:51 +0200


Started GET "/assets/beer_clubs.self-877aef30ae1b040ab8a3aba4e3e309a11d7f2612f44dde450b5c157aa5f95c05.js?body=1" for ::1 at 2017-02-26 21:13:51 +0200


Started GET "/assets/beers.self-877aef30ae1b040ab8a3aba4e3e309a11d7f2612f44dde450b5c157aa5f95c05.js?body=1" for ::1 at 2017-02-26 21:13:51 +0200


Started GET "/assets/breweries.self-877aef30ae1b040ab8a3aba4e3e309a11d7f2612f44dde450b5c157aa5f95c05.js?body=1" for ::1 at 2017-02-26 21:13:51 +0200


Started GET "/assets/styles.self-877aef30ae1b040ab8a3aba4e3e309a11d7f2612f44dde450b5c157aa5f95c05.js?body=1" for ::1 at 2017-02-26 21:13:51 +0200


Started GET "/assets/users.self-877aef30ae1b040ab8a3aba4e3e309a11d7f2612f44dde450b5c157aa5f95c05.js?body=1" for ::1 at 2017-02-26 21:13:51 +0200


Started GET "/assets/application.self-120f3cf1cb67bea53c4a2a57336b34ca04b04b55a55c38cf76ce20a147e5eff9.js?body=1" for ::1 at 2017-02-26 21:13:51 +0200
